<?xml version="1.0" encoding="UTF-8"?>
<!-- Generated by org.testng.reporters.JUnitXMLReporter -->
<testsuite hostname="javadev" name="Command line test" tests="23" failures="0" timestamp="27 Sep 2014 21:21:02 GMT" time="7.306" errors="0">
  <testcase name="testBasicBad" time="0.045" classname="com.triage.sqlgoat.tests.NormalExecutionTest"/>
  <testcase name="testSetup" time="0.0" classname="com.triage.sqlgoat.tests.NormalExecutionTest"/>
  <testcase name="testBadDynamicSql" time="0.782" classname="com.triage.sqlgoat.tests.SimpleSqlInjectionTest"/>
  <testcase name="testBadPreparedStatements" time="0.315" classname="com.triage.sqlgoat.tests.SimpleSqlInjectionTest"/>
  <testcase name="testNormalDynamicSqlInvalid" time="0.44" classname="com.triage.sqlgoat.tests.SimpleSqlInjectionTest"/>
  <testcase name="testNormalDynamicSqlValid" time="0.296" classname="com.triage.sqlgoat.tests.SimpleSqlInjectionTest"/>
  <testcase name="testNormalPreparedStatements" time="0.233" classname="com.triage.sqlgoat.tests.SimpleSqlInjectionTest"/>
  <testcase name="testBasicDynamicWithInjection" time="0.002" classname="com.triage.sqlgoat.tests.TestBasicSelectors"/>
  <testcase name="testBasicDynamicWithOutInjection" time="0.001" classname="com.triage.sqlgoat.tests.TestBasicSelectors"/>
  <testcase name="testBasicPreparedWithInjection" time="0.011" classname="com.triage.sqlgoat.tests.TestBasicSelectors"/>
  <testcase name="testBasicPreparedWithOutInjection" time="0.001" classname="com.triage.sqlgoat.tests.TestBasicSelectors"/>
  <testcase name="testBytemanRuleFromFile" time="0.08" classname="com.triage.sqlgoat.tests.TestBytemanScaffold"/>
  <testcase name="testBytemanRuleFromFileWithHelper" time="0.076" classname="com.triage.sqlgoat.tests.TestBytemanScaffold"/>
  <testcase name="testInlineBytemanRule" time="0.067" classname="com.triage.sqlgoat.tests.TestBytemanScaffold"/>
  <testcase name="testNoMods" time="0.011" classname="com.triage.sqlgoat.tests.TestBytemanScaffold"/>
  <testcase name="testHtmlXssClean" time="0.554" classname="com.triage.sqlgoat.tests.TestCleaningStrategies"/>
  <testcase name="testJsonBadClean" time="0.012" classname="com.triage.sqlgoat.tests.TestCleaningStrategies"/>
  <testcase name="testJsonClean" time="0.001" classname="com.triage.sqlgoat.tests.TestCleaningStrategies"/>
  <testcase name="testBasicInjection" time="0.235" classname="com.triage.sqlgoat.tests.TestServletXss"/>
  <testcase name="testNoInjection" time="0.003" classname="com.triage.sqlgoat.tests.TestServletXss"/>
  <testcase name="testXssProtection" time="0.297" classname="com.triage.sqlgoat.tests.TestServletXss"/>
  <testcase name="testNoOverride" time="0.006" classname="com.triage.learning.tests.TestVariableOverriding"/>
  <testcase name="testOverride" time="0.02" classname="com.triage.learning.tests.TestVariableOverriding"/>
</testsuite> <!-- Command line test -->
