<?xml version="1.0" encoding="UTF-8" ?>
<testsuite failures="0" time="8.447" errors="0" skipped="0" tests="23" name="TestSuite">
  <properties>
[...]
</properties>
  <testcase time="0.046" classname="com.triage.sqlgoat.tests.NormalExecutionTest" name="testBasicBad"/>
  <testcase time="0" classname="com.triage.sqlgoat.tests.NormalExecutionTest" name="testSetup"/>
  <testcase time="0.857" classname="com.triage.sqlgoat.tests.SimpleSqlInjectionTest" name="testBadDynamicSql"/>
  <testcase time="0.353" classname="com.triage.sqlgoat.tests.SimpleSqlInjectionTest" name="testBadPreparedStatements"/>
  <testcase time="0.463" classname="com.triage.sqlgoat.tests.SimpleSqlInjectionTest" name="testNormalDynamicSqlInvalid"/>
  <testcase time="0.327" classname="com.triage.sqlgoat.tests.SimpleSqlInjectionTest" name="testNormalDynamicSqlValid"/>
  <testcase time="0.267" classname="com.triage.sqlgoat.tests.SimpleSqlInjectionTest" name="testNormalPreparedStatements"/>
  <testcase time="0.001" classname="com.triage.sqlgoat.tests.TestBasicSelectors" name="testBasicDynamicWithInjection"/>
  <testcase time="0.001" classname="com.triage.sqlgoat.tests.TestBasicSelectors" name="testBasicDynamicWithOutInjection"/>
  <testcase time="0.011" classname="com.triage.sqlgoat.tests.TestBasicSelectors" name="testBasicPreparedWithInjection"/>
  <testcase time="0.001" classname="com.triage.sqlgoat.tests.TestBasicSelectors" name="testBasicPreparedWithOutInjection"/>
  <testcase time="0.093" classname="com.triage.sqlgoat.tests.TestBytemanScaffold" name="testBytemanRuleFromFile"/>
  <testcase time="0.081" classname="com.triage.sqlgoat.tests.TestBytemanScaffold" name="testBytemanRuleFromFileWithHelper"/>
  <testcase time="0.081" classname="com.triage.sqlgoat.tests.TestBytemanScaffold" name="testInlineBytemanRule"/>
  <testcase time="0.01" classname="com.triage.sqlgoat.tests.TestBytemanScaffold" name="testNoMods"/>
  <testcase time="0.554" classname="com.triage.sqlgoat.tests.TestCleaningStrategies" name="testHtmlXssClean"/>
  <testcase time="0.023" classname="com.triage.sqlgoat.tests.TestCleaningStrategies" name="testJsonBadClean"/>
  <testcase time="0.001" classname="com.triage.sqlgoat.tests.TestCleaningStrategies" name="testJsonClean"/>
  <testcase time="0.235" classname="com.triage.sqlgoat.tests.TestServletXss" name="testBasicInjection"/>
  <testcase time="0.003" classname="com.triage.sqlgoat.tests.TestServletXss" name="testNoInjection"/>
  <testcase time="0.308" classname="com.triage.sqlgoat.tests.TestServletXss" name="testXssProtection"/>
  <testcase time="0.005" classname="com.triage.learning.tests.TestVariableOverriding" name="testNoOverride"/>
  <testcase time="0.03" classname="com.triage.learning.tests.TestVariableOverriding" name="testOverride"/>
</testsuite>